Build started 11/04/2014 14:11:26.
     1>Project "C:\Users\Ryan\Desktop\Programming\Theophany\Balloon2\Balloon2\Balloon2.vcxproj" on node 2 (build target(s)).
     1>InitializeBuildStatus:
         Creating "Debug\AppleDrop.unsuccessfulbuild" because "AlwaysCreate" was specified.
       ClCompile:
         C:\Program Files (x86)\Microsoft Visual Studio 10.0\VC\bin\CL.exe /c /Id3d9.lib /Id3dx9.lib /ZI /nologo /W3 /WX- /Od /Oy- /D _MBCS /Gm /EHsc /RTC1 /MDd /GS /fp:precise /Zc:wchar_t /Zc:forScope /Fo"Debug\\" /Fd"Debug\vc100.pdb" /Gd /TP /analyze- /errorReport:prompt Apple.cpp main.cpp
         main.cpp
     1>c:\users\ryan\desktop\programming\theophany\balloon2\balloon2\main.cpp(79): warning C4244: 'argument' : conversion from 'int' to 'FLOAT', possible loss of data
     1>c:\users\ryan\desktop\programming\theophany\balloon2\balloon2\main.cpp(79): warning C4244: 'argument' : conversion from 'int' to 'FLOAT', possible loss of data
     1>c:\users\ryan\desktop\programming\theophany\balloon2\balloon2\main.cpp(102): warning C4244: 'argument' : conversion from 'LONG' to 'FLOAT', possible loss of data
     1>c:\users\ryan\desktop\programming\theophany\balloon2\balloon2\main.cpp(102): warning C4244: 'argument' : conversion from 'LONG' to 'FLOAT', possible loss of data
     1>c:\users\ryan\desktop\programming\theophany\balloon2\balloon2\main.cpp(214): warning C4244: 'argument' : conversion from 'time_t' to 'unsigned int', possible loss of data
     1>c:\users\ryan\desktop\programming\theophany\balloon2\balloon2\main.cpp(260): warning C4244: 'argument' : conversion from 'float' to 'int', possible loss of data
     1>c:\users\ryan\desktop\programming\theophany\balloon2\balloon2\main.cpp(260): warning C4244: 'argument' : conversion from 'float' to 'int', possible loss of data
     1>c:\users\ryan\desktop\programming\theophany\balloon2\balloon2\main.cpp(260): warning C4244: 'argument' : conversion from 'float' to 'int', possible loss of data
     1>c:\users\ryan\desktop\programming\theophany\balloon2\balloon2\main.cpp(260): warning C4244: 'argument' : conversion from 'float' to 'int', possible loss of data
     1>c:\users\ryan\desktop\programming\theophany\balloon2\balloon2\main.cpp(278): warning C4244: 'argument' : conversion from '__int64' to 'int', possible loss of data
     1>c:\users\ryan\desktop\programming\theophany\balloon2\balloon2\main.cpp(216): warning C4101: 'aSurface' : unreferenced local variable
         Apple.cpp
     1>c:\users\ryan\desktop\programming\theophany\balloon2\balloon2\apple.cpp(10): warning C4244: 'argument' : conversion from 'int' to 'FLOAT', possible loss of data
     1>c:\users\ryan\desktop\programming\theophany\balloon2\balloon2\apple.cpp(16): warning C4244: 'argument' : conversion from 'float' to 'int', possible loss of data
     1>c:\users\ryan\desktop\programming\theophany\balloon2\balloon2\apple.cpp(16): warning C4244: 'argument' : conversion from 'float' to 'int', possible loss of data
     1>c:\users\ryan\desktop\programming\theophany\balloon2\balloon2\apple.cpp(16): warning C4244: 'argument' : conversion from 'float' to 'int', possible loss of data
     1>c:\users\ryan\desktop\programming\theophany\balloon2\balloon2\apple.cpp(16): warning C4244: 'argument' : conversion from 'float' to 'int', possible loss of data
         Generating Code...
     1>c:\users\ryan\desktop\programming\theophany\balloon2\balloon2\main.cpp(353): warning C4715: 'WinMain' : not all control paths return a value
       Link:
         C:\Program Files (x86)\Microsoft Visual Studio 10.0\VC\bin\link.exe /ERRORREPORT:PROMPT /OUT:"C:\Users\Ryan\Desktop\Programming\Theophany\Balloon2\Debug\AppleDrop.exe" /NOLOGO d3d9.lib d3dx9.lib DXUTOpt.lib winmm.lib dxerr.lib kernel32.lib user32.lib gdi32.lib winspool.lib comdlg32.lib advapi32.lib shell32.lib ole32.lib oleaut32.lib uuid.lib odbc32.lib odbccp32.lib /MANIFEST:NO /DEBUG /PDB:"C:\Users\Ryan\Desktop\Programming\Theophany\Balloon2\Debug\AppleDrop.pdb" /TLBID:1 /DYNAMICBASE /NXCOMPAT /IMPLIB:"C:\Users\Ryan\Desktop\Programming\Theophany\Balloon2\Debug\AppleDrop.lib" /MACHINE:X86 Debug\Apple.obj
         Debug\cD3DManager.obj
         Debug\cD3DXFont.obj
         Debug\cD3DXSpriteMgr.obj
         Debug\cD3DXTexture.obj
         Debug\cExplosion.obj
         Debug\cSprite.obj
         Debug\cXAudio.obj
         Debug\main.obj
         DXUT.lib
         DXUTOpt.lib
     1>DXUTOpt.lib(SDKwavefile.obj) : warning LNK4099: PDB 'vc90.pdb' was not found with 'DXUTOpt.lib(SDKwavefile.obj)' or at 'C:\Users\Ryan\Desktop\Programming\Theophany\Balloon2\Debug\vc90.pdb'; linking object as if no debug info
         Balloon2.vcxproj -> C:\Users\Ryan\Desktop\Programming\Theophany\Balloon2\Debug\AppleDrop.exe
       FinalizeBuildStatus:
         Deleting file "Debug\AppleDrop.unsuccessfulbuild".
         Touching "Debug\AppleDrop.lastbuildstate".
     1>Done Building Project "C:\Users\Ryan\Desktop\Programming\Theophany\Balloon2\Balloon2\Balloon2.vcxproj" (build target(s)).

Build succeeded.

Time Elapsed 00:00:06.05
